<?xml version="1.0" encoding="UTF-8"?>
<testsuite name="REST Project 1.TestSuite_1" tests="1" failures="0" errors="0" time="0.235"><properties><property name="java.specification.version" value="21"/><property name="sun.jnu.encoding" value="UTF-8"/><property name="java.class.path" value="/Library/Java/JavaVirtualMachines/jdk-21.jdk/Contents/Home/lib/jfxrt.jar:/Applications/SoapUI-5.8.0.app/Contents/java/app/bin/soapui-5.8.0.jar:/Applications/SoapUI-5.8.0.app/Contents/java/app/lib/junit-platform-commons-1.9.2.jar:/Applications/SoapUI-5.8.0.app/Contents/java/app/lib/htmlunit-2.7.jar:/Applications/SoapUI-5.8.0.app/Contents/java/app/lib/xstream-1.4.13.jar:/Applications/SoapUI-5.8.0.app/Contents/java/app/lib/jcifs-1.2.9.jar:/Applications/SoapUI-5.8.0.app/Contents/java/app/lib/xmlbeans-xpath-2.6.0.jar:/Applications/SoapUI-5.8.0.app/Contents/java/app/lib/httpcore-nio-4.4.9.jar:/Applications/SoapUI-5.8.0.app/Contents/java/app/lib/jakarta.xml.bind-api-2.3.2.jar:/Applications/SoapUI-5.8.0.app/Contents/java/app/lib/cal10n-api-0.8.1.jar:/Applications/SoapUI-5.8.0.app/Contents/java/app/lib/retrofit-2.9.0.jar:/Applications/SoapUI-5.8.0.app/Contents/java/app/lib/jquery-3.5.1.jar:/Applications/SoapUI-5.8.0.app/Contents/java/app/lib/javafx-media-17.0.12.jar:/Applications/SoapUI-5.8.0.app/Contents/java/app/lib/jaxb-runtime-2.3.2.jar:/Applications/SoapUI-5.8.0.app/Contents/java/app/lib/htmlunit-core-js-2.7.jar:/Applications/SoapUI-5.8.0.app/Contents/java/app/lib/javassist-3.16.1-GA.jar:/Applications/SoapUI-5.8.0.app/Contents/java/app/lib/groovy-test-3.0.19.jar:/Applications/SoapUI-5.8.0.app/Contents/java/app/lib/javafx-graphics-17.0.12.jar:/Applications/SoapUI-5.8.0.app/Contents/java/app/lib/jsr305-1.3.9.jar:/Applications/SoapUI-5.8.0.app/Contents/java/app/lib/activation-1.1.jar:/Applications/SoapUI-5.8.0.app/Contents/java/app/lib/kotlin-stdlib-jdk7-1.6.10.jar:/Applications/SoapUI-5.8.0.app/Contents/java/app/lib/xmltooling-1.3.2-1.jar:/Applications/SoapUI-5.8.0.app/Contents/java/app/lib/msg-simple-1.1.jar:/Applications/SoapUI-5.8.0.app/Contents/java/app/lib/flex-messaging-common-1.0.jar:/Applications/SoapUI-5.8.0.app/Contents/java/app/lib/woodstox-core-5.0.3.jar:/Applications/SoapUI-5.8.0.app/Contents/java/app/lib/i4jruntime-5.1.14.jar:/Applications/SoapUI-5.8.0.app/Contents/java/app/lib/converter-gson-2.9.0.jar:/Applications/SoapUI-5.8.0.app/Contents/java/app/lib/sac-1.3.jar:/Applications/SoapUI-5.8.0.app/Contents/java/app/lib/groovy-astbuilder-3.0.19.jar:/Applications/SoapUI-5.8.0.app/Contents/java/app/lib/kotlin-stdlib-common-1.5.31.jar:/Applications/SoapUI-5.8.0.app/Contents/java/app/lib/binding-2.0.1.jar:/Applications/SoapUI-5.8.0.app/Contents/java/app/lib/json-schema-validator-2.2.8.jar:/Applications/SoapUI-5.8.0.app/Contents/java/app/lib/javafx-base-17.0.12.jar:/Applications/SoapUI-5.8.0.app/Contents/java/app/lib/commons-logging-1.1.1.jar:/Applications/SoapUI-5.8.0.app/Contents/java/app/lib/groovy-templates-3.0.19.jar:/Applications/SoapUI-5.8.0.app/Contents/java/app/lib/junit-platform-launcher-1.9.2.jar:/Applications/SoapUI-5.8.0.app/Contents/java/app/lib/opensaml-2.5.1-1.jar:/Applications/SoapUI-5.8.0.app/Contents/java/app/lib/commons-httpclient-3.1.jar:/Applications/SoapUI-5.8.0.app/Contents/java/app/lib/log4j-api-2.17.1.jar:/Applications/SoapUI-5.8.0.app/Contents/java/app/lib/jcommander-1.78.jar:/Applications/SoapUI-5.8.0.app/Contents/java/app/lib/joda-time-2.9.9.jar:/Applications/SoapUI-5.8.0.app/Contents/java/app/lib/groovy-dateutil-3.0.19.jar:/Applications/SoapUI-5.8.0.app/Contents/java/app/lib/graphql-java-22.3.jar:/Applications/SoapUI-5.8.0.app/Contents/java/app/lib/groovy-macro-3.0.19.jar:/Applications/SoapUI-5.8.0.app/Contents/java/app/lib/junit-platform-engine-1.9.2.jar:/Applications/SoapUI-5.8.0.app/Contents/java/app/lib/jackson-jaxrs-base-2.10.1.jar:/Applications/SoapUI-5.8.0.app/Contents/java/app/lib/FastInfoset-1.2.16.jar:/Applications/SoapUI-5.8.0.app/Contents/java/app/lib/commons-csv-1.1.jar:/Applications/SoapUI-5.8.0.app/Contents/java/app/lib/xml-apis-2.9.1.jar:/Applications/SoapUI-5.8.0.app/Contents/java/app/lib/slf4j-api-1.7.25.jar:/Applications/SoapUI-5.8.0.app/Contents/java/app/lib/httpcore-4.4.9.jar:/Applications/SoapUI-5.8.0.app/Contents/java/app/lib/javafx-web-17.0.12-mac.jar:/Applications/SoapUI-5.8.0.app/Contents/java/app/lib/groovy-datetime-3.0.19.jar:/Applications/SoapUI-5.8.0.app/Contents/java/app/lib/jopt-simple-5.0.3.jar:/Applications/SoapUI-5.8.0.app/Contents/java/app/lib/jaxb-impl-2.1.17.jar:/Applications/SoapUI-5.8.0.app/Contents/java/app/lib/serializer-2.7.2.jar:/Applications/SoapUI-5.8.0.app/Contents/java/app/lib/flex-messaging-remoting-1.0.jar:/Applications/SoapUI-5.8.0.app/Contents/java/app/lib/httpclient-4.5.5.jar:/Applications/SoapUI-5.8.0.app/Contents/java/app/lib/l2fprod-common-fontchooser-7.3.jar:/Applications/SoapUI-5.8.0.app/Contents/java/app/lib/javaparser-core-3.25.4.jar:/Applications/SoapUI-5.8.0.app/Contents/java/app/lib/forms-1.0.7.jar:/Applications/SoapUI-5.8.0.app/Contents/java/app/lib/logging-interceptor-4.10.0.jar:/Applications/SoapUI-5.8.0.app/Contents/java/app/lib/google-http-client-1.21.0.jar:/Applications/SoapUI-5.8.0.app/Contents/java/app/lib/analytics-core-5.5.4.jar:/Applications/SoapUI-5.8.0.app/Contents/java/app/lib/miglayout-core-11.0.jar:/Applications/SoapUI-5.8.0.app/Contents/java/app/lib/junit-4.13.1.jar:/Applications/SoapUI-5.8.0.app/Contents/java/app/lib/kotlin-stdlib-jdk8-1.6.10.jar:/Applications/SoapUI-5.8.0.app/Contents/java/app/lib/groovy-cli-picocli-3.0.19.jar:/Applications/SoapUI-5.8.0.app/Contents/java/app/lib/looks-2.2.0.jar:/Applications/SoapUI-5.8.0.app/Contents/java/app/lib/groovy-groovysh-3.0.19.jar:/Applications/SoapUI-5.8.0.app/Contents/java/app/lib/commons-fileupload-1.4.jar:/Applications/SoapUI-5.8.0.app/Contents/java/app/lib/jersey-hk2-2.29.1.jar:/Applications/SoapUI-5.8.0.app/Contents/java/app/lib/uri-template-0.9.jar:/Applications/SoapUI-5.8.0.app/Contents/java/app/lib/commons-cli-1.2.jar:/Applications/SoapUI-5.8.0.app/Contents/java/app/lib/groovy-jmx-3.0.19.jar:/Applications/SoapUI-5.8.0.app/Contents/java/app/lib/okhttp-4.10.0.jar:/Applications/SoapUI-5.8.0.app/Contents/java/app/lib/hk2-locator-2.6.1.jar:/Applications/SoapUI-5.8.0.app/Contents/java/app/lib/jersey-container-servlet-core-2.29.1.jar:/Applications/SoapUI-5.8.0.app/Contents/java/app/lib/groovy-3.0.19.jar:/Applications/SoapUI-5.8.0.app/Contents/java/app/lib/backo-1.0.0.jar:/Applications/SoapUI-5.8.0.app/Contents/java/app/lib/groovy-xml-3.0.19.jar:/Applications/SoapUI-5.8.0.app/Contents/java/app/lib/org.apache.oltu.oauth2.httpclient4-0.31.jar:/Applications/SoapUI-5.8.0.app/Contents/java/app/lib/log4j-core-2.17.1.jar:/Applications/SoapUI-5.8.0.app/Contents/java/app/lib/jline-2.14.6.jar:/Applications/SoapUI-5.8.0.app/Contents/java/app/lib/jersey-server-2.29.1.jar:/Applications/SoapUI-5.8.0.app/Contents/java/app/lib/jdom-1.0.jar:/Applications/SoapUI-5.8.0.app/Contents/java/app/lib/flex-messaging-core-1.0.jar:/Applications/SoapUI-5.8.0.app/Contents/java/app/lib/jakarta.ws.rs-api-2.1.6.jar:/Applications/SoapUI-5.8.0.app/Contents/java/app/lib/qdox-1.12.1.jar:/Applications/SoapUI-5.8.0.app/Contents/java/app/lib/aopalliance-repackaged-2.6.1.jar:/Applications/SoapUI-5.8.0.app/Contents/java/app/lib/log4j-slf4j-impl-2.17.1.jar:/Applications/SoapUI-5.8.0.app/Contents/java/app/lib/miglayout-swing-11.0.jar:/Applications/SoapUI-5.8.0.app/Contents/java/app/lib/mixpanel-java-1.4.4.jar:/Applications/SoapUI-5.8.0.app/Contents/java/app/lib/flex-messaging-opt-1.0.jar:/Applications/SoapUI-5.8.0.app/Contents/java/app/lib/stax-ex-1.8.1.jar:/Applications/SoapUI-5.8.0.app/Contents/java/app/lib/annotations-13.0.jar:/Applications/SoapUI-5.8.0.app/Contents/java/app/lib/jetty-util-6.1.26.jar:/Applications/SoapUI-5.8.0.app/Contents/java/app/lib/jakarta.activation-1.2.1.jar:/Applications/SoapUI-5.8.0.app/Contents/java/app/lib/gson-2.9.1.jar:/Applications/SoapUI-5.8.0.app/Contents/java/app/lib/btf-1.2.jar:/Applications/SoapUI-5.8.0.app/Contents/java/app/lib/picocli-4.6.3.jar:/Applications/SoapUI-5.8.0.app/Contents/java/app/lib/ant-launcher-1.10.12.jar:/Applications/SoapUI-5.8.0.app/Contents/java/app/lib/snakeyaml-1.26.jar:/Applications/SoapUI-5.8.0.app/Contents/java/app/lib/jackson-core-2.13.0.jar:/Applications/SoapUI-5.8.0.app/Contents/java/app/lib/jersey-common-2.29.1.jar:/Applications/SoapUI-5.8.0.app/Contents/java/app/lib/jackson-jaxrs-json-provider-2.10.1.jar:/Applications/SoapUI-5.8.0.app/Contents/java/app/lib/json-smart-2.3.jar:/Applications/SoapUI-5.8.0.app/Contents/java/app/lib/org.apache.oltu.oauth2.client-0.31.jar:/Applications/SoapUI-5.8.0.app/Contents/java/app/lib/xom-1.1.jar:/Applications/SoapUI-5.8.0.app/Contents/java/app/lib/hermes-1.14.jar:/Applications/SoapUI-5.8.0.app/Contents/java/app/lib/groovy-sql-3.0.19.jar:/Applications/SoapUI-5.8.0.app/Contents/java/app/lib/junit-jupiter-engine-5.9.2.jar:/Applications/SoapUI-5.8.0.app/Contents/java/app/lib/groovy-testng-3.0.19.jar:/Applications/SoapUI-5.8.0.app/Contents/java/app/lib/groovy-console-3.0.19.jar:/Applications/SoapUI-5.8.0.app/Contents/java/app/lib/xmlunit-1.2.jar:/Applications/SoapUI-5.8.0.app/Contents/java/app/lib/javafx-swing-17.0.12-mac.jar:/Applications/SoapUI-5.8.0.app/Contents/java/app/lib/mimepull-1.9.11.jar:/Applications/SoapUI-5.8.0.app/Contents/java/app/lib/jtidy-r872-jdk15.jar:/Applications/SoapUI-5.8.0.app/Contents/java/app/lib/java-dataloader-3.3.0.jar:/Applications/SoapUI-5.8.0.app/Contents/java/app/lib/out-app-analytics-provider-5.5.4.jar:/Applications/SoapUI-5.8.0.app/Contents/java/app/lib/cssparser-0.9.5.jar:/Applications/SoapUI-5.8.0.app/Contents/java/app/lib/ant-junit-1.10.12.jar:/Applications/SoapUI-5.8.0.app/Contents/java/app/lib/rhino-1.7R4.jar:/Applications/SoapUI-5.8.0.app/Contents/java/app/lib/js-1.7R2.jar:/Applications/SoapUI-5.8.0.app/Contents/java/app/lib/commons-io-2.4.jar:/Applications/SoapUI-5.8.0.app/Contents/java/app/lib/junit-jupiter-api-5.9.2.jar:/Applications/SoapUI-5.8.0.app/Contents/java/app/lib/jakarta.activation-api-1.2.1.jar:/Applications/SoapUI-5.8.0.app/Contents/java/app/lib/httpclient-cache-4.5.5.jar:/Applications/SoapUI-5.8.0.app/Contents/java/app/lib/jackson-coreutils-1.8.jar:/Applications/SoapUI-5.8.0.app/Contents/java/app/lib/stax2-api-3.1.4.jar:/Applications/SoapUI-5.8.0.app/Contents/java/app/lib/swingx-soapui.jar:/Applications/SoapUI-5.8.0.app/Contents/java/app/lib/jersey-client-2.29.1.jar:/Applications/SoapUI-5.8.0.app/Contents/java/app/lib/slf4j-ext-1.7.22.jar:/Applications/SoapUI-5.8.0.app/Contents/java/app/lib/xmlsec-2.1.7.jar:/Applications/SoapUI-5.8.0.app/Contents/java/app/lib/swagger-annotations-1.6.2.jar:/Applications/SoapUI-5.8.0.app/Contents/java/app/lib/auto-value-annotations-1.10.1.jar:/Applications/SoapUI-5.8.0.app/Contents/java/app/lib/reactive-streams-1.0.3.jar:/Applications/SoapUI-5.8.0.app/Contents/java/app/lib/wsdl4j-1.6.2-fixed.jar:/Applications/SoapUI-5.8.0.app/Contents/java/app/lib/swagger-models-1.6.2.jar:/Applications/SoapUI-5.8.0.app/Contents/java/app/lib/osgi-resource-locator-1.0.3.jar:/Applications/SoapUI-5.8.0.app/Contents/java/app/lib/jersey-media-jaxb-2.29.1.jar:/Applications/SoapUI-5.8.0.app/Contents/java/app/lib/mail-1.4.jar:/Applications/SoapUI-5.8.0.app/Contents/java/app/lib/xalan-2.7.2.jar:/Applications/SoapUI-5.8.0.app/Contents/java/app/lib/json-lib-2.2.2-jdk15.jar:/Applications/SoapUI-5.8.0.app/Contents/java/app/lib/libphonenumber-8.0.0.jar:/Applications/SoapUI-5.8.0.app/Contents/java/app/lib/jackson-jaxrs-xml-provider-2.10.1.jar:/Applications/SoapUI-5.8.0.app/Contents/java/app/lib/jetty-6.1.26.jar:/Applications/SoapUI-5.8.0.app/Contents/java/app/lib/openws-1.4.2-1.jar:/Applications/SoapUI-5.8.0.app/Contents/java/app/lib/google-oauth-client-1.21.0.jar:/Applications/SoapUI-5.8.0.app/Contents/java/app/lib/mailapi-1.4.3.jar:/Applications/SoapUI-5.8.0.app/Contents/java/app/lib/commons-codec-1.10.jar:/Applications/SoapUI-5.8.0.app/Contents/java/app/lib/jakarta.inject-2.6.1.jar:/Applications/SoapUI-5.8.0.app/Contents/java/app/lib/groovy-groovydoc-3.0.19.jar:/Applications/SoapUI-5.8.0.app/Contents/java/app/lib/groovy-nio-3.0.19.jar:/Applications/SoapUI-5.8.0.app/Contents/java/app/lib/hk2-utils-2.6.1.jar:/Applications/SoapUI-5.8.0.app/Contents/java/app/lib/groovy-jsr223-3.0.19.jar:/Applications/SoapUI-5.8.0.app/Contents/java/app/lib/not-going-to-be-commons-ssl-0.3.20.jar:/Applications/SoapUI-5.8.0.app/Contents/java/app/lib/kotlin-stdlib-1.6.20.jar:/Applications/SoapUI-5.8.0.app/Contents/java/app/lib/retrofit-mock-2.9.0.jar:/Applications/SoapUI-5.8.0.app/Contents/java/app/lib/maven-plugin-api-2.0.jar:/Applications/SoapUI-5.8.0.app/Contents/java/app/lib/json-path-2.4.0-fixed.jar:/Applications/SoapUI-5.8.0.app/Contents/java/app/lib/javafx-graphics-17.0.12-mac.jar:/Applications/SoapUI-5.8.0.app/Contents/java/app/lib/javafx-controls-17.0.12-mac.jar:/Applications/SoapUI-5.8.0.app/Contents/java/app/lib/commons-collections-3.2.2.jar:/Applications/SoapUI-5.8.0.app/Contents/java/app/lib/proxy-vole-20131209.jar:/Applications/SoapUI-5.8.0.app/Contents/java/app/lib/xml-apis-1.4.01.jar:/Applications/SoapUI-5.8.0.app/Contents/java/app/lib/hk2-api-2.6.1.jar:/Applications/SoapUI-5.8.0.app/Contents/java/app/lib/hamcrest-core-1.3.jar:/Applications/SoapUI-5.8.0.app/Contents/java/app/lib/dom4j-1.6.1.jar:/Applications/SoapUI-5.8.0.app/Contents/java/app/lib/jackson-databind-2.13.0.jar:/Applications/SoapUI-5.8.0.app/Contents/java/app/lib/jackson-annotations-2.13.0.jar:/Applications/SoapUI-5.8.0.app/Contents/java/app/lib/swagger-core-1.6.2.jar:/Applications/SoapUI-5.8.0.app/Contents/java/app/lib/jsr173_api-1.0.jar:/Applications/SoapUI-5.8.0.app/Contents/java/app/lib/org.apache.oltu.oauth2.common-0.31.jar:/Applications/SoapUI-5.8.0.app/Contents/java/app/lib/guava-14.0.jar:/Applications/SoapUI-5.8.0.app/Contents/java/app/lib/jettison-1.2.jar:/Applications/SoapUI-5.8.0.app/Contents/java/app/lib/jaxen-1.1-beta-8.jar:/Applications/SoapUI-5.8.0.app/Contents/java/app/lib/json-20090211.jar:/Applications/SoapUI-5.8.0.app/Contents/java/app/lib/groovy-swing-3.0.19.jar:/Applications/SoapUI-5.8.0.app/Contents/java/app/lib/jakarta.annotation-api-1.3.5.jar:/Applications/SoapUI-5.8.0.app/Contents/java/app/lib/analytics-3.5.1.jar:/Applications/SoapUI-5.8.0.app/Contents/java/app/lib/commons-beanutils-1.9.4.jar:/Applications/SoapUI-5.8.0.app/Contents/java/app/lib/wss4j-1.6.17.jar:/Applications/SoapUI-5.8.0.app/Contents/java/app/lib/groovy-servlet-3.0.19.jar:/Applications/SoapUI-5.8.0.app/Contents/java/app/lib/swagger-jersey2-jaxrs-1.6.0.jar:/Applications/SoapUI-5.8.0.app/Contents/java/app/lib/nekohtml-1.9.14.jar:/Applications/SoapUI-5.8.0.app/Contents/java/app/lib/istack-commons-runtime-3.0.8.jar:/Applications/SoapUI-5.8.0.app/Contents/java/app/lib/groovy-ant-3.0.19.jar:/Applications/SoapUI-5.8.0.app/Contents/java/app/lib/xmlbeans-3.1.1-sb-fixed.jar:/Applications/SoapUI-5.8.0.app/Contents/java/app/lib/saxon-9.jar:/Applications/SoapUI-5.8.0.app/Contents/java/app/lib/accessors-smart-1.2.jar:/Applications/SoapUI-5.8.0.app/Contents/java/app/lib/ant-antlr-1.10.12.jar:/Applications/SoapUI-5.8.0.app/Contents/java/app/lib/httpmime-4.5.5.jar:/Applications/SoapUI-5.8.0.app/Contents/java/app/lib/jackson-module-jaxb-annotations-2.10.1.jar:/Applications/SoapUI-5.8.0.app/Contents/java/app/lib/commons-lang-2.4.jar:/Applications/SoapUI-5.8.0.app/Contents/java/app/lib/jersey-media-multipart-2.29.1.jar:/Applications/SoapUI-5.8.0.app/Contents/java/app/lib/saxon-9.1.0.8j.jar:/Applications/SoapUI-5.8.0.app/Contents/java/app/lib/groovy-json-3.0.19.jar:/Applications/SoapUI-5.8.0.app/Contents/java/app/lib/xmlpull-1.1.3.1.jar:/Applications/SoapUI-5.8.0.app/Contents/java/app/lib/xpp3_min-1.1.4c.jar:/Applications/SoapUI-5.8.0.app/Contents/java/app/lib/jackson-datatype-joda-2.10.1.jar:/Applications/SoapUI-5.8.0.app/Contents/java/app/lib/jms-1.1.jar:/Applications/SoapUI-5.8.0.app/Contents/java/app/lib/analytics-core-3.5.1.jar:/Applications/SoapUI-5.8.0.app/Contents/java/app/lib/javafx-media-17.0.12-mac.jar:/Applications/SoapUI-5.8.0.app/Contents/java/app/lib/swagger-jaxrs-1.6.0.jar:/Applications/SoapUI-5.8.0.app/Contents/java/app/lib/jackson-dataformat-yaml-2.11.1.jar:/Applications/SoapUI-5.8.0.app/Contents/java/app/lib/ant-1.10.12.jar:/Applications/SoapUI-5.8.0.app/Contents/java/app/lib/swagger-parser-1.0.54.jar:/Applications/SoapUI-5.8.0.app/Contents/java/app/lib/reflections-0.9.9-RC1.jar:/Applications/SoapUI-5.8.0.app/Contents/java/app/lib/jackson-dataformat-xml-2.10.1.jar:/Applications/SoapUI-5.8.0.app/Contents/java/app/lib/rsyntaxtextarea-2.5.0.jar:/Applications/SoapUI-5.8.0.app/Contents/java/app/lib/ezmorph-1.0.5.jar:/Applications/SoapUI-5.8.0.app/Contents/java/app/lib/okio-jvm-3.0.0.jar:/Applications/SoapUI-5.8.0.app/Contents/java/app/lib/opentest4j-1.2.0.jar:/Applications/SoapUI-5.8.0.app/Contents/java/app/lib/groovy-docgenerator-3.0.19.jar:/Applications/SoapUI-5.8.0.app/Contents/java/app/lib/bcprov-jdk15on-1.64.jar:/Applications/SoapUI-5.8.0.app/Contents/java/app/lib/txw2-2.3.2.jar:/Applications/SoapUI-5.8.0.app/Contents/java/app/lib/saxon-dom-9.1.0.8j.jar:/Applications/SoapUI-5.8.0.app/Contents/java/app/lib/json-schema-core-1.2.8.jar:/Applications/SoapUI-5.8.0.app/Contents/java/app/lib/commons-lang3-3.4.jar:/Applications/SoapUI-5.8.0.app/Contents/java/app/lib/swagger-inflector-1.0.19.jar:/Applications/SoapUI-5.8.0.app/Contents/java/app/lib/jakarta.validation-api-2.0.2.jar:/Applications/SoapUI-5.8.0.app/Contents/java/app/lib/xmlParserAPIs-2.6.2.jar:/Applications/SoapUI-5.8.0.app/Contents/java/app/lib/testng-7.5.jar:/Applications/SoapUI-5.8.0.app/Contents/java/app/lib/l2fprod-common-directorychooser-7.3.jar:/Applications/SoapUI-5.8.0.app/Contents/java/app/lib/groovy-test-junit5-3.0.19.jar:/Applications/SoapUI-5.8.0.app/Contents/java/app/lib/ws-commons-util-1.0.2.jar:/Applications/SoapUI-5.8.0.app/Contents/java/app/lib/javafx-base-17.0.12-mac.jar:/Applications/SoapUI-5.8.0.app/Contents/java/app/lib/servlet-api-2.5-20081211.jar:/Applications/SoapUI-5.8.0.app/Contents/java/app/lib/xercesImpl-2.12.0.jar:/Applications/SoapUI-5.8.0.app/Contents/java/app/lib/javafx-controls-17.0.12.jar:/Applications/SoapUI-5.8.0.app/Contents/java/app/lib/flex-messaging-proxy-1.0.jar:/Applications/SoapUI-5.8.0.app/Contents/java/app/lib/animal-sniffer-annotations-1.11.jar"/><property name="sun.awt.enableExtraMouseButtons" value="true"/><property name="java.vm.vendor" value="Oracle Corporation"/><property name="sun.arch.data.model" value="64"/><property name="java.vendor.url" value="https://java.oracle.com/"/><property name="log4j2.formatMsgNoLookups" value="true"/><property name="user.timezone" value="America/Santiago"/><property name="java.vm.specification.version" value="21"/><property name="os.name" value="Mac OS X"/><property name="sun.java.launcher" value="SUN_STANDARD"/><property name="user.country" value="419"/><property name="sun.boot.library.path" value="/Library/Java/JavaVirtualMachines/jdk-21.jdk/Contents/Home/lib"/><property name="sun.java.command" value="com.eviware.soapui.tools.SoapUITestCaseRunner -r -j -f /Users/orozas/Adalid/soap-ui-test/reports /Users/orozas/Adalid/soap-ui-test/REST-Project-1-soapui-project.xml"/><property name="http.nonProxyHosts" value="local|*.local|169.254/16|*.169.254/16"/><property name="jdk.debug" value="release"/><property name="sun.cpu.endian" value="little"/><property name="user.home" value="/Users/orozas"/><property name="user.language" value="es"/><property name="java.specification.vendor" value="Oracle Corporation"/><property name="soapui.home" value="/Applications/SoapUI-5.8.0.app/Contents/java/app/bin"/><property name="java.version.date" value="2025-04-15"/><property name="java.home" value="/Library/Java/JavaVirtualMachines/jdk-21.jdk/Contents/Home"/><property name="file.separator" value="/"/><property name="java.vm.compressedOopsMode" value="Zero based"/><property name="line.separator" value="
"/><property name="java.vm.specification.vendor" value="Oracle Corporation"/><property name="java.specification.name" value="Java Platform API Specification"/><property name="soapui.ext.listeners" value="/Applications/SoapUI-5.8.0.app/Contents/java/app/bin/listeners"/><property name="apple.awt.application.name" value="SoapUITestCaseRunner"/><property name="groovy.source.encoding" value="iso-8859-1"/><property name="sun.management.compiler" value="HotSpot 64-Bit Tiered Compilers"/><property name="ftp.nonProxyHosts" value="local|*.local|169.254/16|*.169.254/16"/><property name="java.runtime.version" value="21.0.7+8-LTS-245"/><property name="user.name" value="orozas"/><property name="stdout.encoding" value="UTF-8"/><property name="path.separator" value=":"/><property name="os.version" value="12.7.6"/><property name="java.runtime.name" value="Java(TM) SE Runtime Environment"/><property name="file.encoding" value="UTF-8"/><property name="soapui.ext.libraries" value="/Applications/SoapUI-5.8.0.app/Contents/java/app/bin/ext"/><property name="java.vm.name" value="Java HotSpot(TM) 64-Bit Server VM"/><property name="java.vendor.url.bug" value="https://bugreport.java.com/bugreport/"/><property name="java.io.tmpdir" value="/var/folders/2j/7bhqqg5d5j5bp0v37y6dq_5m0000gn/T/"/><property name="java.version" value="21.0.7"/><property name="user.dir" value="/Applications/SoapUI-5.8.0.app/Contents/java/app/bin"/><property name="os.arch" value="x86_64"/><property name="java.vm.specification.name" value="Java Virtual Machine Specification"/><property name="native.encoding" value="UTF-8"/><property name="java.library.path" value="/Users/orozas/Library/Java/Extensions:/Library/Java/Extensions:/Network/Library/Java/Extensions:/System/Library/Java/Extensions:/usr/lib/java:."/><property name="java.vm.info" value="mixed mode, sharing"/><property name="stderr.encoding" value="UTF-8"/><property name="java.vendor" value="Oracle Corporation"/><property name="java.vm.version" value="21.0.7+8-LTS-245"/><property name="sun.io.unicode.encoding" value="UnicodeBig"/><property name="soapui.ext.actions" value="/Applications/SoapUI-5.8.0.app/Contents/java/app/bin/actions"/><property name="socksNonProxyHosts" value="local|*.local|169.254/16|*.169.254/16"/><property name="java.class.version" value="65.0"/><property name="soapui.properties" value="soapui.properties"/></properties><testcase name="TestCase_1" time="0.235"/></testsuite>